  DrawingPolygon.cpp
C:\Users\klgg1\Desktop\PolygonMaker\MidTermPJ_20184009_김주원\DrawingPolygon.cpp(63,28): warning C4244: '인수': 'float'에서 'int'(으)로 변환하면서 데이터가 손실될 수 있습니다.
C:\Users\klgg1\Desktop\PolygonMaker\MidTermPJ_20184009_김주원\DrawingPolygon.cpp(63,21): warning C4244: '인수': 'float'에서 'int'(으)로 변환하면서 데이터가 손실될 수 있습니다.
C:\Users\klgg1\Desktop\PolygonMaker\MidTermPJ_20184009_김주원\DrawingPolygon.cpp(133,32): warning C4244: '인수': 'int'에서 'float'(으)로 변환하면서 데이터가 손실될 수 있습니다.
C:\Users\klgg1\Desktop\PolygonMaker\MidTermPJ_20184009_김주원\DrawingPolygon.cpp(133,29): warning C4244: '인수': 'int'에서 'float'(으)로 변환하면서 데이터가 손실될 수 있습니다.
C:\Users\klgg1\Desktop\PolygonMaker\MidTermPJ_20184009_김주원\DrawingPolygon.cpp(149,32): warning C4244: '인수': 'int'에서 'float'(으)로 변환하면서 데이터가 손실될 수 있습니다.
C:\Users\klgg1\Desktop\PolygonMaker\MidTermPJ_20184009_김주원\DrawingPolygon.cpp(149,29): warning C4244: '인수': 'int'에서 'float'(으)로 변환하면서 데이터가 손실될 수 있습니다.
C:\Users\klgg1\Desktop\PolygonMaker\MidTermPJ_20184009_김주원\DrawingPolygon.cpp(187,20): warning C4244: '인수': 'GLint'에서 'GLfloat'(으)로 변환하면서 데이터가 손실될 수 있습니다.
C:\Users\klgg1\Desktop\PolygonMaker\MidTermPJ_20184009_김주원\DrawingPolygon.cpp(187,15): warning C4244: '인수': 'GLint'에서 'GLfloat'(으)로 변환하면서 데이터가 손실될 수 있습니다.
C:\Users\klgg1\Desktop\PolygonMaker\MidTermPJ_20184009_김주원\DrawingPolygon.cpp(212,18): warning C4244: '인수': 'GLint'에서 'GLfloat'(으)로 변환하면서 데이터가 손실될 수 있습니다.
C:\Users\klgg1\Desktop\PolygonMaker\MidTermPJ_20184009_김주원\DrawingPolygon.cpp(212,13): warning C4244: '인수': 'GLint'에서 'GLfloat'(으)로 변환하면서 데이터가 손실될 수 있습니다.
C:\Users\klgg1\Desktop\PolygonMaker\MidTermPJ_20184009_김주원\DrawingPolygon.cpp(245,18): warning C4244: '인수': 'GLint'에서 'GLfloat'(으)로 변환하면서 데이터가 손실될 수 있습니다.
C:\Users\klgg1\Desktop\PolygonMaker\MidTermPJ_20184009_김주원\DrawingPolygon.cpp(245,13): warning C4244: '인수': 'GLint'에서 'GLfloat'(으)로 변환하면서 데이터가 손실될 수 있습니다.
C:\Users\klgg1\Desktop\PolygonMaker\MidTermPJ_20184009_김주원\DrawingPolygon.cpp(246,18): warning C4244: '인수': 'GLint'에서 'GLfloat'(으)로 변환하면서 데이터가 손실될 수 있습니다.
C:\Users\klgg1\Desktop\PolygonMaker\MidTermPJ_20184009_김주원\DrawingPolygon.cpp(246,13): warning C4244: '인수': 'GLint'에서 'GLfloat'(으)로 변환하면서 데이터가 손실될 수 있습니다.
C:\Users\klgg1\Desktop\PolygonMaker\MidTermPJ_20184009_김주원\DrawingPolygon.cpp(247,18): warning C4244: '인수': 'GLint'에서 'GLfloat'(으)로 변환하면서 데이터가 손실될 수 있습니다.
C:\Users\klgg1\Desktop\PolygonMaker\MidTermPJ_20184009_김주원\DrawingPolygon.cpp(247,13): warning C4244: '인수': 'GLint'에서 'GLfloat'(으)로 변환하면서 데이터가 손실될 수 있습니다.
C:\Users\klgg1\Desktop\PolygonMaker\MidTermPJ_20184009_김주원\DrawingPolygon.cpp(248,18): warning C4244: '인수': 'GLint'에서 'GLfloat'(으)로 변환하면서 데이터가 손실될 수 있습니다.
C:\Users\klgg1\Desktop\PolygonMaker\MidTermPJ_20184009_김주원\DrawingPolygon.cpp(248,13): warning C4244: '인수': 'GLint'에서 'GLfloat'(으)로 변환하면서 데이터가 손실될 수 있습니다.
C:\Users\klgg1\Desktop\PolygonMaker\MidTermPJ_20184009_김주원\DrawingPolygon.cpp(253,18): warning C4244: '인수': 'GLint'에서 'GLfloat'(으)로 변환하면서 데이터가 손실될 수 있습니다.
C:\Users\klgg1\Desktop\PolygonMaker\MidTermPJ_20184009_김주원\DrawingPolygon.cpp(253,13): warning C4244: '인수': 'GLint'에서 'GLfloat'(으)로 변환하면서 데이터가 손실될 수 있습니다.
C:\Users\klgg1\Desktop\PolygonMaker\MidTermPJ_20184009_김주원\DrawingPolygon.cpp(254,18): warning C4244: '인수': 'GLint'에서 'GLfloat'(으)로 변환하면서 데이터가 손실될 수 있습니다.
C:\Users\klgg1\Desktop\PolygonMaker\MidTermPJ_20184009_김주원\DrawingPolygon.cpp(254,13): warning C4244: '인수': 'GLint'에서 'GLfloat'(으)로 변환하면서 데이터가 손실될 수 있습니다.
C:\Users\klgg1\Desktop\PolygonMaker\MidTermPJ_20184009_김주원\DrawingPolygon.cpp(256,18): warning C4244: '인수': 'GLint'에서 'GLfloat'(으)로 변환하면서 데이터가 손실될 수 있습니다.
C:\Users\klgg1\Desktop\PolygonMaker\MidTermPJ_20184009_김주원\DrawingPolygon.cpp(256,13): warning C4244: '인수': 'GLint'에서 'GLfloat'(으)로 변환하면서 데이터가 손실될 수 있습니다.
C:\Users\klgg1\Desktop\PolygonMaker\MidTermPJ_20184009_김주원\DrawingPolygon.cpp(257,18): warning C4244: '인수': 'GLint'에서 'GLfloat'(으)로 변환하면서 데이터가 손실될 수 있습니다.
C:\Users\klgg1\Desktop\PolygonMaker\MidTermPJ_20184009_김주원\DrawingPolygon.cpp(257,13): warning C4244: '인수': 'GLint'에서 'GLfloat'(으)로 변환하면서 데이터가 손실될 수 있습니다.
C:\Users\klgg1\Desktop\PolygonMaker\MidTermPJ_20184009_김주원\DrawingPolygon.cpp(259,18): warning C4244: '인수': 'GLint'에서 'GLfloat'(으)로 변환하면서 데이터가 손실될 수 있습니다.
C:\Users\klgg1\Desktop\PolygonMaker\MidTermPJ_20184009_김주원\DrawingPolygon.cpp(259,13): warning C4244: '인수': 'GLint'에서 'GLfloat'(으)로 변환하면서 데이터가 손실될 수 있습니다.
C:\Users\klgg1\Desktop\PolygonMaker\MidTermPJ_20184009_김주원\DrawingPolygon.cpp(260,18): warning C4244: '인수': 'GLint'에서 'GLfloat'(으)로 변환하면서 데이터가 손실될 수 있습니다.
C:\Users\klgg1\Desktop\PolygonMaker\MidTermPJ_20184009_김주원\DrawingPolygon.cpp(260,13): warning C4244: '인수': 'GLint'에서 'GLfloat'(으)로 변환하면서 데이터가 손실될 수 있습니다.
C:\Users\klgg1\Desktop\PolygonMaker\MidTermPJ_20184009_김주원\DrawingPolygon.cpp(262,18): warning C4244: '인수': 'GLint'에서 'GLfloat'(으)로 변환하면서 데이터가 손실될 수 있습니다.
C:\Users\klgg1\Desktop\PolygonMaker\MidTermPJ_20184009_김주원\DrawingPolygon.cpp(262,13): warning C4244: '인수': 'GLint'에서 'GLfloat'(으)로 변환하면서 데이터가 손실될 수 있습니다.
C:\Users\klgg1\Desktop\PolygonMaker\MidTermPJ_20184009_김주원\DrawingPolygon.cpp(263,18): warning C4244: '인수': 'GLint'에서 'GLfloat'(으)로 변환하면서 데이터가 손실될 수 있습니다.
C:\Users\klgg1\Desktop\PolygonMaker\MidTermPJ_20184009_김주원\DrawingPolygon.cpp(263,13): warning C4244: '인수': 'GLint'에서 'GLfloat'(으)로 변환하면서 데이터가 손실될 수 있습니다.
C:\Users\klgg1\Desktop\PolygonMaker\MidTermPJ_20184009_김주원\DrawingPolygon.cpp(293,18): warning C4244: '=': 'float'에서 'GLint'(으)로 변환하면서 데이터가 손실될 수 있습니다.
C:\Users\klgg1\Desktop\PolygonMaker\MidTermPJ_20184009_김주원\DrawingPolygon.cpp(293,36): warning C4244: '=': 'float'에서 'GLint'(으)로 변환하면서 데이터가 손실될 수 있습니다.
C:\Users\klgg1\Desktop\PolygonMaker\MidTermPJ_20184009_김주원\DrawingPolygon.cpp(293,54): warning C4244: '=': 'float'에서 'GLint'(으)로 변환하면서 데이터가 손실될 수 있습니다.
C:\Users\klgg1\Desktop\PolygonMaker\MidTermPJ_20184009_김주원\DrawingPolygon.cpp(293,72): warning C4244: '=': 'float'에서 'GLint'(으)로 변환하면서 데이터가 손실될 수 있습니다.
C:\Users\klgg1\Desktop\PolygonMaker\MidTermPJ_20184009_김주원\DrawingPolygon.cpp(297,19): warning C4244: '=': 'float'에서 'GLint'(으)로 변환하면서 데이터가 손실될 수 있습니다.
C:\Users\klgg1\Desktop\PolygonMaker\MidTermPJ_20184009_김주원\DrawingPolygon.cpp(299,19): warning C4244: '=': 'float'에서 'GLint'(으)로 변환하면서 데이터가 손실될 수 있습니다.
C:\Users\klgg1\Desktop\PolygonMaker\MidTermPJ_20184009_김주원\DrawingPolygon.cpp(302,19): warning C4244: '=': 'float'에서 'GLint'(으)로 변환하면서 데이터가 손실될 수 있습니다.
C:\Users\klgg1\Desktop\PolygonMaker\MidTermPJ_20184009_김주원\DrawingPolygon.cpp(304,19): warning C4244: '=': 'float'에서 'GLint'(으)로 변환하면서 데이터가 손실될 수 있습니다.
  MidTermPJ_20184009_김주원.vcxproj -> C:\Users\klgg1\Desktop\PolygonMaker\Debug\MidTermPJ_20184009_김주원.exe
